* Preparing request to http://localhost:3000/api/users?page=1&startingPrice=0&finalPrice=300
* Using libcurl/7.54.0 LibreSSL/2.6.4 zlib/1.2.11 nghttp2/1.24.1
* Disable timeout
* Enable automatic URL encoding
* Enable SSL validation
* Enable cookie sending with jar of 4 cookies
* Connection 134 seems to be dead!
* Closing connection 134
* Hostname localhost was found in DNS cache
*   Trying ::1...
* TCP_NODELAY set
* Connected to localhost (::1) port 3000 (#135)
> GET /api/users?page=1&startingPrice=0&finalPrice=300 HTTP/1.1
> Host: localhost:3000
> User-Agent: insomnia/6.3.2
> Accept: */*
< HTTP/1.1 200 OK
< X-Powered-By: Express
< Content-Type: application/json; charset=utf-8
< Content-Length: 2856
< ETag: W/"b28-E/b3tEu8nRQXehdyOdEzolK3YFU"
< Date: Thu, 28 Feb 2019 07:15:43 GMT
< Connection: keep-alive

* Received 2.8 KB chunk
* Connection #135 to host localhost left intact